Application Builder Log File - BEGIN Mon Jul 23 17:07:35 CEST 2012
------------------------------
___ Application Builder V5.0 ___

CHECKING REPOSITORY
Repository OK
GENERATING APPLICATION FOR JBOSS

ADDING "/home/mmoquillon/Projets/mmoqui-silverpeas/silverpeas-native-packages/deb/tmp/opt/silverpeas/repository/client/admin-5.10-client.jar: " of type "CLIENT"
merging libraries
merging client part
adding EJBs
adding External Wars

ADDING "/home/mmoquillon/Projets/mmoqui-silverpeas/silverpeas-native-packages/deb/tmp/opt/silverpeas/repository/client/almanach-ejb-5.10-client.jar: " of type "CLIENT"
merging libraries
merging client part
adding EJBs
adding External Wars

ADDING "/home/mmoquillon/Projets/mmoqui-silverpeas/silverpeas-native-packages/deb/tmp/opt/silverpeas/repository/client/authentication-5.10-client.jar: " of type "CLIENT"
merging libraries
merging client part
adding EJBs
adding External Wars

ADDING "/home/mmoquillon/Projets/mmoqui-silverpeas/silverpeas-native-packages/deb/tmp/opt/silverpeas/repository/client/calendar-5.10-client.jar: " of type "CLIENT"
merging libraries
merging client part
adding EJBs
adding External Wars

ADDING "/home/mmoquillon/Projets/mmoqui-silverpeas/silverpeas-native-packages/deb/tmp/opt/silverpeas/repository/client/clipboard-5.10-client.jar: " of type "CLIENT"
merging libraries
merging client part
adding EJBs
adding External Wars

ADDING "/home/mmoquillon/Projets/mmoqui-silverpeas/silverpeas-native-packages/deb/tmp/opt/silverpeas/repository/client/contact-5.10-client.jar: " of type "CLIENT"
merging libraries
merging client part
adding EJBs
adding External Wars

ADDING "/home/mmoquillon/Projets/mmoqui-silverpeas/silverpeas-native-packages/deb/tmp/opt/silverpeas/repository/client/favorit-5.10-client.jar: " of type "CLIENT"
merging libraries
merging client part
adding EJBs
adding External Wars

ADDING "/home/mmoquillon/Projets/mmoqui-silverpeas/silverpeas-native-packages/deb/tmp/opt/silverpeas/repository/client/formtemplate-5.10-client.jar: " of type "CLIENT"
merging libraries
merging client part
adding EJBs
adding External Wars

ADDING "/home/mmoquillon/Projets/mmoqui-silverpeas/silverpeas-native-packages/deb/tmp/opt/silverpeas/repository/client/forums-ejb-5.10-client.jar: " of type "CLIENT"
merging libraries
merging client part
adding EJBs
adding External Wars

ADDING "/home/mmoquillon/Projets/mmoqui-silverpeas/silverpeas-native-packages/deb/tmp/opt/silverpeas/repository/client/gallery-ejb-5.10-client.jar: " of type "CLIENT"
merging libraries
merging client part
adding EJBs
adding External Wars

ADDING "/home/mmoquillon/Projets/mmoqui-silverpeas/silverpeas-native-packages/deb/tmp/opt/silverpeas/repository/client/kmelia-ejb-5.10-client.jar: " of type "CLIENT"
merging libraries
merging client part
adding EJBs
adding External Wars

ADDING "/home/mmoquillon/Projets/mmoqui-silverpeas/silverpeas-native-packages/deb/tmp/opt/silverpeas/repository/client/mydb-ejb-5.10-client.jar: " of type "CLIENT"
merging libraries
merging client part
adding EJBs
adding External Wars

ADDING "/home/mmoquillon/Projets/mmoqui-silverpeas/silverpeas-native-packages/deb/tmp/opt/silverpeas/repository/client/mylinks-5.10-client.jar: " of type "CLIENT"
merging libraries
merging client part
adding EJBs
adding External Wars

ADDING "/home/mmoquillon/Projets/mmoqui-silverpeas/silverpeas-native-packages/deb/tmp/opt/silverpeas/repository/client/node-5.10-client.jar: " of type "CLIENT"
merging libraries
merging client part
adding EJBs
adding External Wars

ADDING "/home/mmoquillon/Projets/mmoqui-silverpeas/silverpeas-native-packages/deb/tmp/opt/silverpeas/repository/client/notation-5.10-client.jar: " of type "CLIENT"
merging libraries
merging client part
adding EJBs
adding External Wars

ADDING "/home/mmoquillon/Projets/mmoqui-silverpeas/silverpeas-native-packages/deb/tmp/opt/silverpeas/repository/client/pdc-5.10-client.jar: " of type "CLIENT"
merging libraries
merging client part
adding EJBs
adding External Wars

ADDING "/home/mmoquillon/Projets/mmoqui-silverpeas/silverpeas-native-packages/deb/tmp/opt/silverpeas/repository/client/process-manager-ejb-5.10-client.jar: " of type "CLIENT"
merging libraries
merging client part
adding EJBs
adding External Wars

ADDING "/home/mmoquillon/Projets/mmoqui-silverpeas/silverpeas-native-packages/deb/tmp/opt/silverpeas/repository/client/project-manager-ejb-5.10-client.jar: " of type "CLIENT"
merging libraries
merging client part
adding EJBs
adding External Wars

ADDING "/home/mmoquillon/Projets/mmoqui-silverpeas/silverpeas-native-packages/deb/tmp/opt/silverpeas/repository/client/publication-5.10-client.jar: " of type "CLIENT"
merging libraries
merging client part
adding EJBs
adding External Wars

ADDING "/home/mmoquillon/Projets/mmoqui-silverpeas/silverpeas-native-packages/deb/tmp/opt/silverpeas/repository/client/questioncontainer-5.10-client.jar: " of type "CLIENT"
merging libraries
merging client part
adding EJBs
adding External Wars

ADDING "/home/mmoquillon/Projets/mmoqui-silverpeas/silverpeas-native-packages/deb/tmp/opt/silverpeas/repository/client/statistic-5.10-client.jar: " of type "CLIENT"
merging libraries
merging client part
adding EJBs
adding External Wars

ADDING "/home/mmoquillon/Projets/mmoqui-silverpeas/silverpeas-native-packages/deb/tmp/opt/silverpeas/repository/client/tagcloud-5.10-client.jar: " of type "CLIENT"
merging libraries
merging client part
adding EJBs
adding External Wars

ADDING "/home/mmoquillon/Projets/mmoqui-silverpeas/silverpeas-native-packages/deb/tmp/opt/silverpeas/repository/client/versioning-5.10-client.jar: " of type "CLIENT"
merging libraries
merging client part
adding EJBs
adding External Wars

ADDING "/home/mmoquillon/Projets/mmoqui-silverpeas/silverpeas-native-packages/deb/tmp/opt/silverpeas/repository/client/websites-ejb-5.10-client.jar: " of type "CLIENT"
merging libraries
merging client part
adding EJBs
adding External Wars

ADDING "/home/mmoquillon/Projets/mmoqui-silverpeas/silverpeas-native-packages/deb/tmp/opt/silverpeas/repository/client/yellowpages-ejb-5.10-client.jar: " of type "CLIENT"
merging libraries
merging client part
adding EJBs
adding External Wars

ADDING "/home/mmoquillon/Projets/mmoqui-silverpeas/silverpeas-native-packages/deb/tmp/opt/silverpeas/repository/ejb/admin-5.10.jar: /home/mmoquillon/Projets/mmoqui-silverpeas/silverpeas-native-packages/deb/tmp/opt/silverpeas/repository/ejb/almanach-ejb-5.10.jar: /home/mmoquillon/Projets/mmoqui-silverpeas/silverpeas-native-packages/deb/tmp/opt/silverpeas/repository/ejb/authentication-5.10.jar: /home/mmoquillon/Projets/mmoqui-silverpeas/silverpeas-native-packages/deb/tmp/opt/silverpeas/repository/ejb/calendar-5.10.jar: /home/mmoquillon/Projets/mmoqui-silverpeas/silverpeas-native-packages/deb/tmp/opt/silverpeas/repository/ejb/channels-5.10.jar: /home/mmoquillon/Projets/mmoqui-silverpeas/silverpeas-native-packages/deb/tmp/opt/silverpeas/repository/ejb/clipboard-5.10.jar: /home/mmoquillon/Projets/mmoqui-silverpeas/silverpeas-native-packages/deb/tmp/opt/silverpeas/repository/ejb/contact-5.10.jar: /home/mmoquillon/Projets/mmoqui-silverpeas/silverpeas-native-packages/deb/tmp/opt/silverpeas/repository/ejb/favorit-5.10.jar: /home/mmoquillon/Projets/mmoqui-silverpeas/silverpeas-native-packages/deb/tmp/opt/silverpeas/repository/ejb/formtemplate-5.10.jar: /home/mmoquillon/Projets/mmoqui-silverpeas/silverpeas-native-packages/deb/tmp/opt/silverpeas/repository/ejb/forums-ejb-5.10.jar: /home/mmoquillon/Projets/mmoqui-silverpeas/silverpeas-native-packages/deb/tmp/opt/silverpeas/repository/ejb/gallery-ejb-5.10.jar: /home/mmoquillon/Projets/mmoqui-silverpeas/silverpeas-native-packages/deb/tmp/opt/silverpeas/repository/ejb/kmelia-ejb-5.10.jar: /home/mmoquillon/Projets/mmoqui-silverpeas/silverpeas-native-packages/deb/tmp/opt/silverpeas/repository/ejb/mydb-ejb-5.10.jar: /home/mmoquillon/Projets/mmoqui-silverpeas/silverpeas-native-packages/deb/tmp/opt/silverpeas/repository/ejb/mylinks-5.10.jar: /home/mmoquillon/Projets/mmoqui-silverpeas/silverpeas-native-packages/deb/tmp/opt/silverpeas/repository/ejb/node-5.10.jar: /home/mmoquillon/Projets/mmoqui-silverpeas/silverpeas-native-packages/deb/tmp/opt/silverpeas/repository/ejb/notation-5.10.jar: /home/mmoquillon/Projets/mmoqui-silverpeas/silverpeas-native-packages/deb/tmp/opt/silverpeas/repository/ejb/pdc-5.10.jar: /home/mmoquillon/Projets/mmoqui-silverpeas/silverpeas-native-packages/deb/tmp/opt/silverpeas/repository/ejb/process-manager-ejb-5.10.jar: /home/mmoquillon/Projets/mmoqui-silverpeas/silverpeas-native-packages/deb/tmp/opt/silverpeas/repository/ejb/project-manager-ejb-5.10.jar: /home/mmoquillon/Projets/mmoqui-silverpeas/silverpeas-native-packages/deb/tmp/opt/silverpeas/repository/ejb/publication-5.10.jar: /home/mmoquillon/Projets/mmoqui-silverpeas/silverpeas-native-packages/deb/tmp/opt/silverpeas/repository/ejb/questioncontainer-5.10.jar: /home/mmoquillon/Projets/mmoqui-silverpeas/silverpeas-native-packages/deb/tmp/opt/silverpeas/repository/ejb/searchengine-5.10.jar: /home/mmoquillon/Projets/mmoqui-silverpeas/silverpeas-native-packages/deb/tmp/opt/silverpeas/repository/ejb/silverstatistics-5.10.jar: /home/mmoquillon/Projets/mmoqui-silverpeas/silverpeas-native-packages/deb/tmp/opt/silverpeas/repository/ejb/statistic-5.10.jar: /home/mmoquillon/Projets/mmoqui-silverpeas/silverpeas-native-packages/deb/tmp/opt/silverpeas/repository/ejb/tagcloud-5.10.jar: /home/mmoquillon/Projets/mmoqui-silverpeas/silverpeas-native-packages/deb/tmp/opt/silverpeas/repository/ejb/versioning-5.10.jar: /home/mmoquillon/Projets/mmoqui-silverpeas/silverpeas-native-packages/deb/tmp/opt/silverpeas/repository/ejb/websites-ejb-5.10.jar: /home/mmoquillon/Projets/mmoqui-silverpeas/silverpeas-native-packages/deb/tmp/opt/silverpeas/repository/ejb/yellowpages-ejb-5.10.jar: " of type "WAR"
merging libraries
adding EJBs
adding External Wars

ADDING "/home/mmoquillon/Projets/mmoqui-silverpeas/silverpeas-native-packages/deb/tmp/opt/silverpeas/repository/java/antlr-2.7.7.jar: /home/mmoquillon/Projets/mmoqui-silverpeas/silverpeas-native-packages/deb/tmp/opt/silverpeas/repository/java/aopalliance-1.0.jar: /home/mmoquillon/Projets/mmoqui-silverpeas/silverpeas-native-packages/deb/tmp/opt/silverpeas/repository/java/apache-mime4j-core-0.7.jar: /home/mmoquillon/Projets/mmoqui-silverpeas/silverpeas-native-packages/deb/tmp/opt/silverpeas/repository/java/apache-mime4j-dom-0.7.jar: /home/mmoquillon/Projets/mmoqui-silverpeas/silverpeas-native-packages/deb/tmp/opt/silverpeas/repository/java/asm-3.1.jar: /home/mmoquillon/Projets/mmoqui-silverpeas/silverpeas-native-packages/deb/tmp/opt/silverpeas/repository/java/aspectjrt-1.6.12.jar: /home/mmoquillon/Projets/mmoqui-silverpeas/silverpeas-native-packages/deb/tmp/opt/silverpeas/repository/java/aspectjweaver-1.6.12.jar: /home/mmoquillon/Projets/mmoqui-silverpeas/silverpeas-native-packages/deb/tmp/opt/silverpeas/repository/java/backport-util-concurrent-3.1.jar: /home/mmoquillon/Projets/mmoqui-silverpeas/silverpeas-native-packages/deb/tmp/opt/silverpeas/repository/java/bcmail-jdk16-1.46.jar: /home/mmoquillon/Projets/mmoqui-silverpeas/silverpeas-native-packages/deb/tmp/opt/silverpeas/repository/java/blog-jar-5.10.jar: /home/mmoquillon/Projets/mmoqui-silverpeas/silverpeas-native-packages/deb/tmp/opt/silverpeas/repository/java/boilerpipe-1.1.0.jar: /home/mmoquillon/Projets/mmoqui-silverpeas/silverpeas-native-packages/deb/tmp/opt/silverpeas/repository/java/cas-client-core-3.1.10.jar: /home/mmoquillon/Projets/mmoqui-silverpeas/silverpeas-native-packages/deb/tmp/opt/silverpeas/repository/java/castor-1.2.jar: /home/mmoquillon/Projets/mmoqui-silverpeas/silverpeas-native-packages/deb/tmp/opt/silverpeas/repository/java/castor-jdo-1.2.jar: /home/mmoquillon/Projets/mmoqui-silverpeas/silverpeas-native-packages/deb/tmp/opt/silverpeas/repository/java/ccpp-1.0.jar: /home/mmoquillon/Projets/mmoqui-silverpeas/silverpeas-native-packages/deb/tmp/opt/silverpeas/repository/java/cglib-nodep-2.1_3.jar: /home/mmoquillon/Projets/mmoqui-silverpeas/silverpeas-native-packages/deb/tmp/opt/silverpeas/repository/java/chat-jar-5.10.jar: /home/mmoquillon/Projets/mmoqui-silverpeas/silverpeas-native-packages/deb/tmp/opt/silverpeas/repository/java/classifieds-jar-5.10.jar: /home/mmoquillon/Projets/mmoqui-silverpeas/silverpeas-native-packages/deb/tmp/opt/silverpeas/repository/java/comment-5.10.jar: /home/mmoquillon/Projets/mmoqui-silverpeas/silverpeas-native-packages/deb/tmp/opt/silverpeas/repository/java/commons-beanutils-1.8.3.jar: /home/mmoquillon/Projets/mmoqui-silverpeas/silverpeas-native-packages/deb/tmp/opt/silverpeas/repository/java/commons-codec-1.6.jar: /home/mmoquillon/Projets/mmoqui-silverpeas/silverpeas-native-packages/deb/tmp/opt/silverpeas/repository/java/commons-collections-3.2.1.jar: /home/mmoquillon/Projets/mmoqui-silverpeas/silverpeas-native-packages/deb/tmp/opt/silverpeas/repository/java/commons-compress-1.3.jar: /home/mmoquillon/Projets/mmoqui-silverpeas/silverpeas-native-packages/deb/tmp/opt/silverpeas/repository/java/commons-dbcp-1.4.jar: /home/mmoquillon/Projets/mmoqui-silverpeas/silverpeas-native-packages/deb/tmp/opt/silverpeas/repository/java/commons-fileupload-1.2.2.jar: /home/mmoquillon/Projets/mmoqui-silverpeas/silverpeas-native-packages/deb/tmp/opt/silverpeas/repository/java/commons-httpclient-3.1.jar: /home/mmoquillon/Projets/mmoqui-silverpeas/silverpeas-native-packages/deb/tmp/opt/silverpeas/repository/java/commons-io-2.1.jar: /home/mmoquillon/Projets/mmoqui-silverpeas/silverpeas-native-packages/deb/tmp/opt/silverpeas/repository/java/commons-lang-2.6.jar: /home/mmoquillon/Projets/mmoqui-silverpeas/silverpeas-native-packages/deb/tmp/opt/silverpeas/repository/java/commons-lang3-3.1.jar: /home/mmoquillon/Projets/mmoqui-silverpeas/silverpeas-native-packages/deb/tmp/opt/silverpeas/repository/java/commons-logging-99.0-does-not-exist.jar: /home/mmoquillon/Projets/mmoqui-silverpeas/silverpeas-native-packages/deb/tmp/opt/silverpeas/repository/java/commons-pool-1.6.jar: /home/mmoquillon/Projets/mmoqui-silverpeas/silverpeas-native-packages/deb/tmp/opt/silverpeas/repository/java/concurrent-1.3.4.jar: /home/mmoquillon/Projets/mmoqui-silverpeas/silverpeas-native-packages/deb/tmp/opt/silverpeas/repository/java/cryptolib-1.0.jar: /home/mmoquillon/Projets/mmoqui-silverpeas/silverpeas-native-packages/deb/tmp/opt/silverpeas/repository/java/delegatednews-jar-5.10.jar: /home/mmoquillon/Projets/mmoqui-silverpeas/silverpeas-native-packages/deb/tmp/opt/silverpeas/repository/java/dom4j-1.6.1.jar: /home/mmoquillon/Projets/mmoqui-silverpeas/silverpeas-native-packages/deb/tmp/opt/silverpeas/repository/java/ecs-1.4.2.jar: /home/mmoquillon/Projets/mmoqui-silverpeas/silverpeas-native-packages/deb/tmp/opt/silverpeas/repository/java/ehcache-1.3.0.jar: /home/mmoquillon/Projets/mmoqui-silverpeas/silverpeas-native-packages/deb/tmp/opt/silverpeas/repository/java/fontbox-1.7.0.jar: /home/mmoquillon/Projets/mmoqui-silverpeas/silverpeas-native-packages/deb/tmp/opt/silverpeas/repository/java/formsonline-jar-5.10.jar: /home/mmoquillon/Projets/mmoqui-silverpeas/silverpeas-native-packages/deb/tmp/opt/silverpeas/repository/java/freshcookies-security-0.60.jar: /home/mmoquillon/Projets/mmoqui-silverpeas/silverpeas-native-packages/deb/tmp/opt/silverpeas/repository/java/guava-10.0.jar: /home/mmoquillon/Projets/mmoqui-silverpeas/silverpeas-native-packages/deb/tmp/opt/silverpeas/repository/java/hyperlink-jar-5.10.jar: /home/mmoquillon/Projets/mmoqui-silverpeas/silverpeas-native-packages/deb/tmp/opt/silverpeas/repository/java/ical4j-1.0.2.jar: /home/mmoquillon/Projets/mmoqui-silverpeas/silverpeas-native-packages/deb/tmp/opt/silverpeas/repository/java/icu4j-4.4.jar: /home/mmoquillon/Projets/mmoqui-silverpeas/silverpeas-native-packages/deb/tmp/opt/silverpeas/repository/java/importExport-5.10.jar: /home/mmoquillon/Projets/mmoqui-silverpeas/silverpeas-native-packages/deb/tmp/opt/silverpeas/repository/java/infoletter-jar-5.10.jar: /home/mmoquillon/Projets/mmoqui-silverpeas/silverpeas-native-packages/deb/tmp/opt/silverpeas/repository/java/informa-0.6.5-silverpeas.jar: /home/mmoquillon/Projets/mmoqui-silverpeas/silverpeas-native-packages/deb/tmp/opt/silverpeas/repository/java/isoparser-1.0-beta-5.jar: /home/mmoquillon/Projets/mmoqui-silverpeas/silverpeas-native-packages/deb/tmp/opt/silverpeas/repository/java/itext-2.1.7.jar: /home/mmoquillon/Projets/mmoqui-silverpeas/silverpeas-native-packages/deb/tmp/opt/silverpeas/repository/java/jChatBox-2.6.jar: /home/mmoquillon/Projets/mmoqui-silverpeas/silverpeas-native-packages/deb/tmp/opt/silverpeas/repository/java/jackrabbit-api-2.2.11.jar: /home/mmoquillon/Projets/mmoqui-silverpeas/silverpeas-native-packages/deb/tmp/opt/silverpeas/repository/java/jackrabbit-core-2.2.11.jar: /home/mmoquillon/Projets/mmoqui-silverpeas/silverpeas-native-packages/deb/tmp/opt/silverpeas/repository/java/jackrabbit-jcr-commons-2.2.11.jar: /home/mmoquillon/Projets/mmoqui-silverpeas/silverpeas-native-packages/deb/tmp/opt/silverpeas/repository/java/jackrabbit-jcr-server-2.2.11.jar: /home/mmoquillon/Projets/mmoqui-silverpeas/silverpeas-native-packages/deb/tmp/opt/silverpeas/repository/java/jackrabbit-spi-2.2.11.jar: /home/mmoquillon/Projets/mmoqui-silverpeas/silverpeas-native-packages/deb/tmp/opt/silverpeas/repository/java/jackrabbit-spi-commons-2.2.11.jar: /home/mmoquillon/Projets/mmoqui-silverpeas/silverpeas-native-packages/deb/tmp/opt/silverpeas/repository/java/jackrabbit-webdav-2.2.11.jar: /home/mmoquillon/Projets/mmoqui-silverpeas/silverpeas-native-packages/deb/tmp/opt/silverpeas/repository/java/jackson-core-asl-1.9.7.jar: /home/mmoquillon/Projets/mmoqui-silverpeas/silverpeas-native-packages/deb/tmp/opt/silverpeas/repository/java/jackson-core-lgpl-1.9.7.jar: /home/mmoquillon/Projets/mmoqui-silverpeas/silverpeas-native-packages/deb/tmp/opt/silverpeas/repository/java/jackson-jaxrs-1.9.7.jar: /home/mmoquillon/Projets/mmoqui-silverpeas/silverpeas-native-packages/deb/tmp/opt/silverpeas/repository/java/jackson-mapper-asl-1.9.7.jar: /home/mmoquillon/Projets/mmoqui-silverpeas/silverpeas-native-packages/deb/tmp/opt/silverpeas/repository/java/jackson-mapper-lgpl-1.9.7.jar: /home/mmoquillon/Projets/mmoqui-silverpeas/silverpeas-native-packages/deb/tmp/opt/silverpeas/repository/java/jackson-xc-1.9.7.jar: /home/mmoquillon/Projets/mmoqui-silverpeas/silverpeas-native-packages/deb/tmp/opt/silverpeas/repository/java/javax.inject-1.jar: /home/mmoquillon/Projets/mmoqui-silverpeas/silverpeas-native-packages/deb/tmp/opt/silverpeas/repository/java/jaxb-api-2.2.2.jar: /home/mmoquillon/Projets/mmoqui-silverpeas/silverpeas-native-packages/deb/tmp/opt/silverpeas/repository/java/jaxb-impl-2.2.3-1.jar: /home/mmoquillon/Projets/mmoqui-silverpeas/silverpeas-native-packages/deb/tmp/opt/silverpeas/repository/java/jaxen-1.1.3-jdk6.jar: /home/mmoquillon/Projets/mmoqui-silverpeas/silverpeas-native-packages/deb/tmp/opt/silverpeas/repository/java/jcharts-0.7.5.jar: /home/mmoquillon/Projets/mmoqui-silverpeas/silverpeas-native-packages/deb/tmp/opt/silverpeas/repository/java/jcl-over-slf4j-1.5.6.jar: /home/mmoquillon/Projets/mmoqui-silverpeas/silverpeas-native-packages/deb/tmp/opt/silverpeas/repository/java/jcr-2.0.jar: /home/mmoquillon/Projets/mmoqui-silverpeas/silverpeas-native-packages/deb/tmp/opt/silverpeas/repository/java/jdbc-connector-jar-5.10.jar: /home/mmoquillon/Projets/mmoqui-silverpeas/silverpeas-native-packages/deb/tmp/opt/silverpeas/repository/java/jdom-1.1.1.jar: /home/mmoquillon/Projets/mmoqui-silverpeas/silverpeas-native-packages/deb/tmp/opt/silverpeas/repository/java/jempbox-1.7.0.jar: /home/mmoquillon/Projets/mmoqui-silverpeas/silverpeas-native-packages/deb/tmp/opt/silverpeas/repository/java/jericho-html-2.5.jar: /home/mmoquillon/Projets/mmoqui-silverpeas/silverpeas-native-packages/deb/tmp/opt/silverpeas/repository/java/jersey-core-1.13.jar: /home/mmoquillon/Projets/mmoqui-silverpeas/silverpeas-native-packages/deb/tmp/opt/silverpeas/repository/java/jersey-json-1.13.jar: /home/mmoquillon/Projets/mmoqui-silverpeas/silverpeas-native-packages/deb/tmp/opt/silverpeas/repository/java/jersey-server-1.13.jar: /home/mmoquillon/Projets/mmoqui-silverpeas/silverpeas-native-packages/deb/tmp/opt/silverpeas/repository/java/jersey-servlet-1.13.jar: /home/mmoquillon/Projets/mmoqui-silverpeas/silverpeas-native-packages/deb/tmp/opt/silverpeas/repository/java/jersey-spring-1.13.jar: /home/mmoquillon/Projets/mmoqui-silverpeas/silverpeas-native-packages/deb/tmp/opt/silverpeas/repository/java/jldap-4.3.jar: /home/mmoquillon/Projets/mmoqui-silverpeas/silverpeas-native-packages/deb/tmp/opt/silverpeas/repository/java/jodconverter-2.2.1.jar: /home/mmoquillon/Projets/mmoqui-silverpeas/silverpeas-native-packages/deb/tmp/opt/silverpeas/repository/java/jrcs-diff-0.2.jar: /home/mmoquillon/Projets/mmoqui-silverpeas/silverpeas-native-packages/deb/tmp/opt/silverpeas/repository/java/json-rpc-1.0.jar: /home/mmoquillon/Projets/mmoqui-silverpeas/silverpeas-native-packages/deb/tmp/opt/silverpeas/repository/java/jspwiki_silverpeas-2.8.1.jar: /home/mmoquillon/Projets/mmoqui-silverpeas/silverpeas-native-packages/deb/tmp/opt/silverpeas/repository/java/jsr107cache-1.0.jar: /home/mmoquillon/Projets/mmoqui-silverpeas/silverpeas-native-packages/deb/tmp/opt/silverpeas/repository/java/jsr305-1.3.9.jar: /home/mmoquillon/Projets/mmoqui-silverpeas/silverpeas-native-packages/deb/tmp/opt/silverpeas/repository/java/juh-2.3.0.jar: /home/mmoquillon/Projets/mmoqui-silverpeas/silverpeas-native-packages/deb/tmp/opt/silverpeas/repository/java/jurt-2.3.0.jar: /home/mmoquillon/Projets/mmoqui-silverpeas/silverpeas-native-packages/deb/tmp/opt/silverpeas/repository/java/lib-core-5.10.jar: /home/mmoquillon/Projets/mmoqui-silverpeas/silverpeas-native-packages/deb/tmp/opt/silverpeas/repository/java/log4j-1.2.17.jar: /home/mmoquillon/Projets/mmoqui-silverpeas/silverpeas-native-packages/deb/tmp/opt/silverpeas/repository/java/lucene-analyzers-2.4.1.jar: /home/mmoquillon/Projets/mmoqui-silverpeas/silverpeas-native-packages/deb/tmp/opt/silverpeas/repository/java/lucene-core-2.4.1.jar: /home/mmoquillon/Projets/mmoqui-silverpeas/silverpeas-native-packages/deb/tmp/opt/silverpeas/repository/java/lucene-snowball-2.4.1.jar: /home/mmoquillon/Projets/mmoqui-silverpeas/silverpeas-native-packages/deb/tmp/opt/silverpeas/repository/java/lucene-spellchecker-2.4.1.jar: /home/mmoquillon/Projets/mmoqui-silverpeas/silverpeas-native-packages/deb/tmp/opt/silverpeas/repository/java/mailinglist-jar-5.10.jar: /home/mmoquillon/Projets/mmoqui-silverpeas/silverpeas-native-packages/deb/tmp/opt/silverpeas/repository/java/metadata-extractor-2.6.2.jar: /home/mmoquillon/Projets/mmoqui-silverpeas/silverpeas-native-packages/deb/tmp/opt/silverpeas/repository/java/nekohtml-1.9.15.jar: /home/mmoquillon/Projets/mmoqui-silverpeas/silverpeas-native-packages/deb/tmp/opt/silverpeas/repository/java/netcdf-4.2-min.jar: /home/mmoquillon/Projets/mmoqui-silverpeas/silverpeas-native-packages/deb/tmp/opt/silverpeas/repository/java/newsedito-jar-5.10.jar: /home/mmoquillon/Projets/mmoqui-silverpeas/silverpeas-native-packages/deb/tmp/opt/silverpeas/repository/java/oro-2.0.8.jar: /home/mmoquillon/Projets/mmoqui-silverpeas/silverpeas-native-packages/deb/tmp/opt/silverpeas/repository/java/oscache-2.4.jar: /home/mmoquillon/Projets/mmoqui-silverpeas/silverpeas-native-packages/deb/tmp/opt/silverpeas/repository/java/pdfbox-1.7.0.jar: /home/mmoquillon/Projets/mmoqui-silverpeas/silverpeas-native-packages/deb/tmp/opt/silverpeas/repository/java/personalization-5.10.jar: /home/mmoquillon/Projets/mmoqui-silverpeas/silverpeas-native-packages/deb/tmp/opt/silverpeas/repository/java/poi-3.8.jar: /home/mmoquillon/Projets/mmoqui-silverpeas/silverpeas-native-packages/deb/tmp/opt/silverpeas/repository/java/poi-ooxml-3.8.jar: /home/mmoquillon/Projets/mmoqui-silverpeas/silverpeas-native-packages/deb/tmp/opt/silverpeas/repository/java/poi-ooxml-schemas-3.8.jar: /home/mmoquillon/Projets/mmoqui-silverpeas/silverpeas-native-packages/deb/tmp/opt/silverpeas/repository/java/poi-scratchpad-3.8.jar: /home/mmoquillon/Projets/mmoqui-silverpeas/silverpeas-native-packages/deb/tmp/opt/silverpeas/repository/java/quartz-1.8.4.jar: /home/mmoquillon/Projets/mmoqui-silverpeas/silverpeas-native-packages/deb/tmp/opt/silverpeas/repository/java/question-reply-jar-5.10.jar: /home/mmoquillon/Projets/mmoqui-silverpeas/silverpeas-native-packages/deb/tmp/opt/silverpeas/repository/java/quickinfo-jar-5.10.jar: /home/mmoquillon/Projets/mmoqui-silverpeas/silverpeas-native-packages/deb/tmp/opt/silverpeas/repository/java/quizz-jar-5.10.jar: /home/mmoquillon/Projets/mmoqui-silverpeas/silverpeas-native-packages/deb/tmp/opt/silverpeas/repository/java/resources-manager-jar-5.10.jar: /home/mmoquillon/Projets/mmoqui-silverpeas/silverpeas-native-packages/deb/tmp/opt/silverpeas/repository/java/ridl-2.3.0.jar: /home/mmoquillon/Projets/mmoqui-silverpeas/silverpeas-native-packages/deb/tmp/opt/silverpeas/repository/java/rome-1.0.jar: /home/mmoquillon/Projets/mmoqui-silverpeas/silverpeas-native-packages/deb/tmp/opt/silverpeas/repository/java/rssaggregator-jar-5.10.jar: /home/mmoquillon/Projets/mmoqui-silverpeas/silverpeas-native-packages/deb/tmp/opt/silverpeas/repository/java/sandler-1.0.jar: /home/mmoquillon/Projets/mmoqui-silverpeas/silverpeas-native-packages/deb/tmp/opt/silverpeas/repository/java/sanselan-0.97-incubator.jar: /home/mmoquillon/Projets/mmoqui-silverpeas/silverpeas-native-packages/deb/tmp/opt/silverpeas/repository/java/scannotation-1.0.2.jar: /home/mmoquillon/Projets/mmoqui-silverpeas/silverpeas-native-packages/deb/tmp/opt/silverpeas/repository/java/scheduleevent-jar-5.10.jar: /home/mmoquillon/Projets/mmoqui-silverpeas/silverpeas-native-packages/deb/tmp/opt/silverpeas/repository/java/silvercrawler-jar-5.10.jar: /home/mmoquillon/Projets/mmoqui-silverpeas/silverpeas-native-packages/deb/tmp/opt/silverpeas/repository/java/slf4j-api-1.5.6.jar: /home/mmoquillon/Projets/mmoqui-silverpeas/silverpeas-native-packages/deb/tmp/opt/silverpeas/repository/java/slf4j-log4j12-1.5.6.jar: /home/mmoquillon/Projets/mmoqui-silverpeas/silverpeas-native-packages/deb/tmp/opt/silverpeas/repository/java/spring-aop-3.1.2.RELEASE.jar: /home/mmoquillon/Projets/mmoqui-silverpeas/silverpeas-native-packages/deb/tmp/opt/silverpeas/repository/java/spring-asm-3.1.2.RELEASE.jar: /home/mmoquillon/Projets/mmoqui-silverpeas/silverpeas-native-packages/deb/tmp/opt/silverpeas/repository/java/spring-beans-3.1.2.RELEASE.jar: /home/mmoquillon/Projets/mmoqui-silverpeas/silverpeas-native-packages/deb/tmp/opt/silverpeas/repository/java/spring-context-3.1.2.RELEASE.jar: /home/mmoquillon/Projets/mmoqui-silverpeas/silverpeas-native-packages/deb/tmp/opt/silverpeas/repository/java/spring-context-support-3.1.2.RELEASE.jar: /home/mmoquillon/Projets/mmoqui-silverpeas/silverpeas-native-packages/deb/tmp/opt/silverpeas/repository/java/spring-core-3.1.2.RELEASE.jar: /home/mmoquillon/Projets/mmoqui-silverpeas/silverpeas-native-packages/deb/tmp/opt/silverpeas/repository/java/spring-data-commons-core-1.3.0.RELEASE.jar: /home/mmoquillon/Projets/mmoqui-silverpeas/silverpeas-native-packages/deb/tmp/opt/silverpeas/repository/java/spring-data-jpa-1.1.0.RELEASE.jar: /home/mmoquillon/Projets/mmoqui-silverpeas/silverpeas-native-packages/deb/tmp/opt/silverpeas/repository/java/spring-expression-3.1.2.RELEASE.jar: /home/mmoquillon/Projets/mmoqui-silverpeas/silverpeas-native-packages/deb/tmp/opt/silverpeas/repository/java/spring-jdbc-3.1.2.RELEASE.jar: /home/mmoquillon/Projets/mmoqui-silverpeas/silverpeas-native-packages/deb/tmp/opt/silverpeas/repository/java/spring-modules-jcr-0.8a.jar: /home/mmoquillon/Projets/mmoqui-silverpeas/silverpeas-native-packages/deb/tmp/opt/silverpeas/repository/java/spring-orm-3.1.2.RELEASE.jar: /home/mmoquillon/Projets/mmoqui-silverpeas/silverpeas-native-packages/deb/tmp/opt/silverpeas/repository/java/spring-security-crypto-3.1.0.RELEASE.jar: /home/mmoquillon/Projets/mmoqui-silverpeas/silverpeas-native-packages/deb/tmp/opt/silverpeas/repository/java/spring-social-core-1.0.2.RELEASE.jar: /home/mmoquillon/Projets/mmoqui-silverpeas/silverpeas-native-packages/deb/tmp/opt/silverpeas/repository/java/spring-social-facebook-1.0.1.RELEASE.jar: /home/mmoquillon/Projets/mmoqui-silverpeas/silverpeas-native-packages/deb/tmp/opt/silverpeas/repository/java/spring-social-linkedin-1.0.0.RC1.jar: /home/mmoquillon/Projets/mmoqui-silverpeas/silverpeas-native-packages/deb/tmp/opt/silverpeas/repository/java/spring-tx-3.1.2.RELEASE.jar: /home/mmoquillon/Projets/mmoqui-silverpeas/silverpeas-native-packages/deb/tmp/opt/silverpeas/repository/java/spring-web-3.1.2.RELEASE.jar: /home/mmoquillon/Projets/mmoqui-silverpeas/silverpeas-native-packages/deb/tmp/opt/silverpeas/repository/java/spring-webmvc-3.1.2.RELEASE.jar: /home/mmoquillon/Projets/mmoqui-silverpeas/silverpeas-native-packages/deb/tmp/opt/silverpeas/repository/java/standard-1.1.2.jar: /home/mmoquillon/Projets/mmoqui-silverpeas/silverpeas-native-packages/deb/tmp/opt/silverpeas/repository/java/stringtemplate-3.2.1.jar: /home/mmoquillon/Projets/mmoqui-silverpeas/silverpeas-native-packages/deb/tmp/opt/silverpeas/repository/java/survey-jar-5.10.jar: /home/mmoquillon/Projets/mmoqui-silverpeas/silverpeas-native-packages/deb/tmp/opt/silverpeas/repository/java/tagsoup-1.2.1.jar: /home/mmoquillon/Projets/mmoqui-silverpeas/silverpeas-native-packages/deb/tmp/opt/silverpeas/repository/java/tika-core-1.1.jar: /home/mmoquillon/Projets/mmoqui-silverpeas/silverpeas-native-packages/deb/tmp/opt/silverpeas/repository/java/tika-parsers-1.1-silverpeas.jar: /home/mmoquillon/Projets/mmoqui-silverpeas/silverpeas-native-packages/deb/tmp/opt/silverpeas/repository/java/unoil-2.3.0.jar: /home/mmoquillon/Projets/mmoqui-silverpeas/silverpeas-native-packages/deb/tmp/opt/silverpeas/repository/java/vorbis-java-core-0.1-tests.jar: /home/mmoquillon/Projets/mmoqui-silverpeas/silverpeas-native-packages/deb/tmp/opt/silverpeas/repository/java/vorbis-java-core-0.1.jar: /home/mmoquillon/Projets/mmoqui-silverpeas/silverpeas-native-packages/deb/tmp/opt/silverpeas/repository/java/vorbis-java-tika-0.1.jar: /home/mmoquillon/Projets/mmoqui-silverpeas/silverpeas-native-packages/deb/tmp/opt/silverpeas/repository/java/webpages-jar-5.10.jar: /home/mmoquillon/Projets/mmoqui-silverpeas/silverpeas-native-packages/deb/tmp/opt/silverpeas/repository/java/whitepages-jar-5.10.jar: /home/mmoquillon/Projets/mmoqui-silverpeas/silverpeas-native-packages/deb/tmp/opt/silverpeas/repository/java/wiki-jar-5.10.jar: /home/mmoquillon/Projets/mmoqui-silverpeas/silverpeas-native-packages/deb/tmp/opt/silverpeas/repository/java/xmlbeans-2.4.0-jdk6.jar: /home/mmoquillon/Projets/mmoqui-silverpeas/silverpeas-native-packages/deb/tmp/opt/silverpeas/repository/java/xmpcore-5.1.1.jar: " of type "WAR"
merging libraries
adding EJBs
adding External Wars

ADDING "/home/mmoquillon/Projets/mmoqui-silverpeas/silverpeas-native-packages/deb/tmp/opt/silverpeas/repository/war/almanach-war-5.10.war: " of type "WAR"
merging libraries
merging WAR part
adding EJBs
adding External Wars

ADDING "/home/mmoquillon/Projets/mmoqui-silverpeas/silverpeas-native-packages/deb/tmp/opt/silverpeas/repository/war/blog-war-5.10.war: " of type "WAR"
merging libraries
merging WAR part
adding EJBs
adding External Wars

ADDING "/home/mmoquillon/Projets/mmoqui-silverpeas/silverpeas-native-packages/deb/tmp/opt/silverpeas/repository/war/chat-war-5.10.war: " of type "WAR"
merging libraries
merging WAR part
adding EJBs
adding External Wars

ADDING "/home/mmoquillon/Projets/mmoqui-silverpeas/silverpeas-native-packages/deb/tmp/opt/silverpeas/repository/war/classifieds-war-5.10.war: " of type "WAR"
merging libraries
merging WAR part
adding EJBs
adding External Wars

ADDING "/home/mmoquillon/Projets/mmoqui-silverpeas/silverpeas-native-packages/deb/tmp/opt/silverpeas/repository/war/delegatednews-war-5.10.war: " of type "WAR"
merging libraries
merging WAR part
adding EJBs
adding External Wars

ADDING "/home/mmoquillon/Projets/mmoqui-silverpeas/silverpeas-native-packages/deb/tmp/opt/silverpeas/repository/war/formsonline-war-5.10.war: " of type "WAR"
merging libraries
merging WAR part
adding EJBs
adding External Wars

ADDING "/home/mmoquillon/Projets/mmoqui-silverpeas/silverpeas-native-packages/deb/tmp/opt/silverpeas/repository/war/forums-war-5.10.war: " of type "WAR"
merging libraries
merging WAR part
adding EJBs
adding External Wars

ADDING "/home/mmoquillon/Projets/mmoqui-silverpeas/silverpeas-native-packages/deb/tmp/opt/silverpeas/repository/war/gallery-war-5.10.war: " of type "WAR"
merging libraries
merging WAR part
adding EJBs
adding External Wars

ADDING "/home/mmoquillon/Projets/mmoqui-silverpeas/silverpeas-native-packages/deb/tmp/opt/silverpeas/repository/war/hyperlink-war-5.10.war: " of type "WAR"
merging libraries
merging WAR part
adding EJBs
adding External Wars

ADDING "/home/mmoquillon/Projets/mmoqui-silverpeas/silverpeas-native-packages/deb/tmp/opt/silverpeas/repository/war/infoletter-war-5.10.war: " of type "WAR"
merging libraries
merging WAR part
adding EJBs
adding External Wars

ADDING "/home/mmoquillon/Projets/mmoqui-silverpeas/silverpeas-native-packages/deb/tmp/opt/silverpeas/repository/war/jdbc-connector-war-5.10.war: " of type "WAR"
merging libraries
merging WAR part
adding EJBs
adding External Wars

ADDING "/home/mmoquillon/Projets/mmoqui-silverpeas/silverpeas-native-packages/deb/tmp/opt/silverpeas/repository/war/kmelia-war-5.10.war: " of type "WAR"
merging libraries
merging WAR part
war-ic.war : already added from "almanach-war-5.10.war" : "kmelia-war-5.10.war!WEB-INF/lib/itext-2.1.7.jar" 
adding EJBs
adding External Wars

ADDING "/home/mmoquillon/Projets/mmoqui-silverpeas/silverpeas-native-packages/deb/tmp/opt/silverpeas/repository/war/mailinglist-war-5.10.war: " of type "WAR"
merging libraries
merging WAR part
adding EJBs
adding External Wars

ADDING "/home/mmoquillon/Projets/mmoqui-silverpeas/silverpeas-native-packages/deb/tmp/opt/silverpeas/repository/war/mydb-war-5.10.war: " of type "WAR"
merging libraries
merging WAR part
adding EJBs
adding External Wars

ADDING "/home/mmoquillon/Projets/mmoqui-silverpeas/silverpeas-native-packages/deb/tmp/opt/silverpeas/repository/war/newsedito-war-5.10.war: " of type "WAR"
merging libraries
merging WAR part
war-ic.war : already added from "almanach-war-5.10.war" : "newsedito-war-5.10.war!WEB-INF/lib/itext-2.1.7.jar" 
adding EJBs
adding External Wars

ADDING "/home/mmoquillon/Projets/mmoqui-silverpeas/silverpeas-native-packages/deb/tmp/opt/silverpeas/repository/war/process-manager-war-5.10.war: " of type "WAR"
merging libraries
merging WAR part
adding EJBs
adding External Wars

ADDING "/home/mmoquillon/Projets/mmoqui-silverpeas/silverpeas-native-packages/deb/tmp/opt/silverpeas/repository/war/project-manager-war-5.10.war: " of type "WAR"
merging libraries
merging WAR part
adding EJBs
adding External Wars

ADDING "/home/mmoquillon/Projets/mmoqui-silverpeas/silverpeas-native-packages/deb/tmp/opt/silverpeas/repository/war/question-reply-war-5.10.war: " of type "WAR"
merging libraries
merging WAR part
adding EJBs
adding External Wars

ADDING "/home/mmoquillon/Projets/mmoqui-silverpeas/silverpeas-native-packages/deb/tmp/opt/silverpeas/repository/war/quickinfo-war-5.10.war: " of type "WAR"
merging libraries
merging WAR part
adding EJBs
adding External Wars

ADDING "/home/mmoquillon/Projets/mmoqui-silverpeas/silverpeas-native-packages/deb/tmp/opt/silverpeas/repository/war/quizz-war-5.10.war: " of type "WAR"
merging libraries
merging WAR part
adding EJBs
adding External Wars

ADDING "/home/mmoquillon/Projets/mmoqui-silverpeas/silverpeas-native-packages/deb/tmp/opt/silverpeas/repository/war/resources-manager-war-5.10.war: " of type "WAR"
merging libraries
merging WAR part
adding EJBs
adding External Wars

ADDING "/home/mmoquillon/Projets/mmoqui-silverpeas/silverpeas-native-packages/deb/tmp/opt/silverpeas/repository/war/rssaggregator-war-5.10.war: " of type "WAR"
merging libraries
merging WAR part
adding EJBs
adding External Wars

ADDING "/home/mmoquillon/Projets/mmoqui-silverpeas/silverpeas-native-packages/deb/tmp/opt/silverpeas/repository/war/scheduleevent-war-5.10.war: " of type "WAR"
merging libraries
merging WAR part
adding EJBs
adding External Wars

ADDING "/home/mmoquillon/Projets/mmoqui-silverpeas/silverpeas-native-packages/deb/tmp/opt/silverpeas/repository/war/silvercrawler-war-5.10.war: " of type "WAR"
merging libraries
merging WAR part
adding EJBs
adding External Wars

ADDING "/home/mmoquillon/Projets/mmoqui-silverpeas/silverpeas-native-packages/deb/tmp/opt/silverpeas/repository/war/survey-war-5.10.war: " of type "WAR"
merging libraries
merging WAR part
adding EJBs
adding External Wars

ADDING "/home/mmoquillon/Projets/mmoqui-silverpeas/silverpeas-native-packages/deb/tmp/opt/silverpeas/repository/war/war-core-5.10.war: " of type "WAR"
merging libraries
merging WAR part
war-ic.war : already added from "kmelia-war-5.10.war" : "war-core-5.10.war!WEB-INF/classes/com/silverpeas/portlets/MyCheckOutFiles.class" 
war-ic.war : already added from "mailinglist-war-5.10.war" : "war-core-5.10.war!WEB-INF/lib/aspectjweaver-1.6.12.jar" 
war-ic.war : already added from "almanach-war-5.10.war" : "war-core-5.10.war!WEB-INF/lib/itext-2.1.7.jar" 
war-ic.war : already added from "mailinglist-war-5.10.war" : "war-core-5.10.war!WEB-INF/lib/aspectjrt-1.6.12.jar" 
war-ic.war : already added from "silvercrawler-war-5.10.war" : "war-core-5.10.war!util/icons/component/silverCrawlerSmallActiv.gif" 
war-ic.war : already added from "silvercrawler-war-5.10.war" : "war-core-5.10.war!util/icons/component/silverCrawlerSmall.gif" 
adding EJBs
adding External Wars

ADDING "/home/mmoquillon/Projets/mmoqui-silverpeas/silverpeas-native-packages/deb/tmp/opt/silverpeas/repository/war/webpages-war-5.10.war: " of type "WAR"
merging libraries
merging WAR part
adding EJBs
adding External Wars

ADDING "/home/mmoquillon/Projets/mmoqui-silverpeas/silverpeas-native-packages/deb/tmp/opt/silverpeas/repository/war/websites-war-5.10.war: " of type "WAR"
merging libraries
merging WAR part
adding EJBs
adding External Wars

ADDING "/home/mmoquillon/Projets/mmoqui-silverpeas/silverpeas-native-packages/deb/tmp/opt/silverpeas/repository/war/whitepages-war-5.10.war: " of type "WAR"
merging libraries
merging WAR part
adding EJBs
adding External Wars

ADDING "/home/mmoquillon/Projets/mmoqui-silverpeas/silverpeas-native-packages/deb/tmp/opt/silverpeas/repository/war/wiki-war-5.10.war: " of type "WAR"
merging libraries
merging WAR part
adding EJBs
adding External Wars

ADDING "/home/mmoquillon/Projets/mmoqui-silverpeas/silverpeas-native-packages/deb/tmp/opt/silverpeas/repository/war/yellowpages-war-5.10.war: " of type "WAR"
merging libraries
merging WAR part
adding EJBs
adding External Wars
WARNING : could not delete "war-ic.war" from temporary space

OK : "silverpeas.ear" successfully builded
Please find them in "/home/mmoquillon/Projets/mmoqui-silverpeas/silverpeas-native-packages/deb/tmp/opt/silverpeas/jar"
------------------------------
Application Builder Log File - END Mon Jul 23 17:07:47 CEST 2012
